# JRE version: Java(TM) SE Runtime Environment (8.0_25-b17) (build 1.8.0_25-b17)
# Java VM: Java HotSpot(TM) 64-Bit Server VM (25.25-b02 mixed mode bsd-amd64 compressed oops)
Heap:
 PSYoungGen      total 18944K, used 11097K [0x00000007aab00000, 0x00000007ae000000, 0x00000007c0000000)
  eden space 16384K, 52% used [0x00000007aab00000,0x00000007ab3591e8,0x00000007abb00000)
  from space 2560K, 99% used [0x00000007abb00000,0x00000007abd7d298,0x00000007abd80000)
  to   space 13312K, 0% used [0x00000007ad300000,0x00000007ad300000,0x00000007ae000000)
 ParOldGen       total 36864K, used 19448K [0x0000000780000000, 0x0000000782400000, 0x00000007aab00000)
  object space 36864K, 52% used [0x0000000780000000,0x00000007812fe348,0x0000000782400000)
 Metaspace       used 22015K, capacity 22784K, committed 22912K, reserved 1069056K
  class space    used 3044K, capacity 3189K, committed 3200K, reserved 1048576K
GC Heap History (10 events):
Event: 3.839 GC heap before
{Heap before GC invocations=2 (full 0):
 PSYoungGen      total 18944K, used 18896K [0x00000007aab00000, 0x00000007ac000000, 0x00000007c0000000)
  eden space 16384K, 100% used [0x00000007aab00000,0x00000007abb00000,0x00000007abb00000)
  from space 2560K, 98% used [0x00000007abb00000,0x00000007abd74030,0x00000007abd80000)
  to   space 2560K, 0% used [0x00000007abd80000,0x00000007abd80000,0x00000007ac000000)
 ParOldGen       total 44032K, used 16K [0x0000000780000000, 0x0000000782b00000, 0x00000007aab00000)
  object space 44032K, 0% used [0x0000000780000000,0x0000000780004000,0x0000000782b00000)
 Metaspace       used 13311K, capacity 14076K, committed 14208K, reserved 1060864K
  class space    used 1940K, capacity 2095K, committed 2176K, reserved 1048576K
Event: 3.861 GC heap after
Heap after GC invocations=2 (full 0):
 PSYoungGen      total 18944K, used 2544K [0x00000007aab00000, 0x00000007ac000000, 0x00000007c0000000)
  eden space 16384K, 0% used [0x00000007aab00000,0x00000007aab00000,0x00000007abb00000)
  from space 2560K, 99% used [0x00000007abd80000,0x00000007abffc040,0x00000007ac000000)
  to   space 2560K, 0% used [0x00000007abb00000,0x00000007abb00000,0x00000007abd80000)
 ParOldGen       total 44032K, used 5857K [0x0000000780000000, 0x0000000782b00000, 0x00000007aab00000)
  object space 44032K, 13% used [0x0000000780000000,0x00000007805b8730,0x0000000782b00000)
 Metaspace       used 13311K, capacity 14076K, committed 14208K, reserved 1060864K
  class space    used 1940K, capacity 2095K, committed 2176K, reserved 1048576K
}
Event: 9.326 GC heap before
{Heap before GC invocations=3 (full 0):
 PSYoungGen      total 18944K, used 18928K [0x00000007aab00000, 0x00000007ac000000, 0x00000007c0000000)
  eden space 16384K, 100% used [0x00000007aab00000,0x00000007abb00000,0x00000007abb00000)
  from space 2560K, 99% used [0x00000007abd80000,0x00000007abffc040,0x00000007ac000000)
  to   space 2560K, 0% used [0x00000007abb00000,0x00000007abb00000,0x00000007abd80000)
 ParOldGen       total 44032K, used 5857K [0x0000000780000000, 0x0000000782b00000, 0x00000007aab00000)
  object space 44032K, 13% used [0x0000000780000000,0x00000007805b8730,0x0000000782b00000)
 Metaspace       used 16165K, capacity 16960K, committed 17152K, reserved 1064960K
  class space    used 2275K, capacity 2437K, committed 2560K, reserved 1048576K
Event: 9.336 GC heap after
Heap after GC invocations=3 (full 0):
 PSYoungGen      total 18944K, used 2528K [0x00000007aab00000, 0x00000007ac000000, 0x00000007c0000000)
  eden space 16384K, 0% used [0x00000007aab00000,0x00000007aab00000,0x00000007abb00000)
  from space 2560K, 98% used [0x00000007abb00000,0x00000007abd78010,0x00000007abd80000)
  to   space 2560K, 0% used [0x00000007abd80000,0x00000007abd80000,0x00000007ac000000)
 ParOldGen       total 44032K, used 8265K [0x0000000780000000, 0x0000000782b00000, 0x00000007aab00000)
  object space 44032K, 18% used [0x0000000780000000,0x0000000780812620,0x0000000782b00000)
 Metaspace       used 16165K, capacity 16960K, committed 17152K, reserved 1064960K
  class space    used 2275K, capacity 2437K, committed 2560K, reserved 1048576K
}
Event: 9.690 GC heap before
{Heap before GC invocations=4 (full 0):
 PSYoungGen      total 18944K, used 13950K [0x00000007aab00000, 0x00000007ac000000, 0x00000007c0000000)
  eden space 16384K, 69% used [0x00000007aab00000,0x00000007ab6279b0,0x00000007abb00000)
  from space 2560K, 98% used [0x00000007abb00000,0x00000007abd78010,0x00000007abd80000)
  to   space 2560K, 0% used [0x00000007abd80000,0x00000007abd80000,0x00000007ac000000)
 ParOldGen       total 44032K, used 8265K [0x0000000780000000, 0x0000000782b00000, 0x00000007aab00000)
  object space 44032K, 18% used [0x0000000780000000,0x0000000780812620,0x0000000782b00000)
 Metaspace       used 20425K, capacity 21212K, committed 21296K, reserved 1067008K
  class space    used 2796K, capacity 2927K, committed 2944K, reserved 1048576K
Event: 9.698 GC heap after
Heap after GC invocations=4 (full 0):
 PSYoungGen      total 18944K, used 2536K [0x00000007aab00000, 0x00000007ac000000, 0x00000007c0000000)
  eden space 16384K, 0% used [0x00000007aab00000,0x00000007aab00000,0x00000007abb00000)
  from space 2560K, 99% used [0x00000007abd80000,0x00000007abffa2f8,0x00000007ac000000)
  to   space 2560K, 0% used [0x00000007abb00000,0x00000007abb00000,0x00000007abd80000)
 ParOldGen       total 44032K, used 10055K [0x0000000780000000, 0x0000000782b00000, 0x00000007aab00000)
  object space 44032K, 22% used [0x0000000780000000,0x00000007809d1f10,0x0000000782b00000)
 Metaspace       used 20425K, capacity 21212K, committed 21296K, reserved 1067008K
  class space    used 2796K, capacity 2927K, committed 2944K, reserved 1048576K
}
Event: 9.698 GC heap before
{Heap before GC invocations=5 (full 1):
 PSYoungGen      total 18944K, used 2536K [0x00000007aab00000, 0x00000007ac000000, 0x00000007c0000000)
  eden space 16384K, 0% used [0x00000007aab00000,0x00000007aab00000,0x00000007abb00000)
  from space 2560K, 99% used [0x00000007abd80000,0x00000007abffa2f8,0x00000007ac000000)
  to   space 2560K, 0% used [0x00000007abb00000,0x00000007abb00000,0x00000007abd80000)
 ParOldGen       total 44032K, used 10055K [0x0000000780000000, 0x0000000782b00000, 0x00000007aab00000)
  object space 44032K, 22% used [0x0000000780000000,0x00000007809d1f10,0x0000000782b00000)
 Metaspace       used 20425K, capacity 21212K, committed 21296K, reserved 1067008K
  class space    used 2796K, capacity 2927K, committed 2944K, reserved 1048576K
Event: 9.751 GC heap after
Heap after GC invocations=5 (full 1):
 PSYoungGen      total 18944K, used 0K [0x00000007aab00000, 0x00000007ac000000, 0x00000007c0000000)
  eden space 16384K, 0% used [0x00000007aab00000,0x00000007aab00000,0x00000007abb00000)
  from space 2560K, 0% used [0x00000007abd80000,0x00000007abd80000,0x00000007ac000000)
  to   space 2560K, 0% used [0x00000007abb00000,0x00000007abb00000,0x00000007abd80000)
 ParOldGen       total 36864K, used 8616K [0x0000000780000000, 0x0000000782400000, 0x00000007aab00000)
  object space 36864K, 23% used [0x0000000780000000,0x000000078086a1e0,0x0000000782400000)
 Metaspace       used 20423K, capacity 21210K, committed 21296K, reserved 1067008K
  class space    used 2795K, capacity 2926K, committed 2944K, reserved 1048576K
}
Event: 10.205 GC heap before
{Heap before GC invocations=6 (full 1):
 PSYoungGen      total 18944K, used 16318K [0x00000007aab00000, 0x00000007ac000000, 0x00000007c0000000)
  eden space 16384K, 99% used [0x00000007aab00000,0x00000007abaef8f8,0x00000007abb00000)
  from space 2560K, 0% used [0x00000007abd80000,0x00000007abd80000,0x00000007ac000000)
  to   space 2560K, 0% used [0x00000007abb00000,0x00000007abb00000,0x00000007abd80000)
 ParOldGen       total 36864K, used 8616K [0x0000000780000000, 0x0000000782400000, 0x00000007aab00000)
  object space 36864K, 23% used [0x0000000780000000,0x000000078086a1e0,0x0000000782400000)
 Metaspace       used 21881K, capacity 22682K, committed 22912K, reserved 1069056K
  class space    used 3034K, capacity 3182K, committed 3200K, reserved 1048576K
Event: 10.214 GC heap after
Heap after GC invocations=6 (full 1):
 PSYoungGen      total 18944K, used 2548K [0x00000007aab00000, 0x00000007ae000000, 0x00000007c0000000)
  eden space 16384K, 0% used [0x00000007aab00000,0x00000007aab00000,0x00000007abb00000)
  from space 2560K, 99% used [0x00000007abb00000,0x00000007abd7d298,0x00000007abd80000)
  to   space 13312K, 0% used [0x00000007ad300000,0x00000007ad300000,0x00000007ae000000)
 ParOldGen       total 36864K, used 19448K [0x0000000780000000, 0x0000000782400000, 0x00000007aab00000)
  object space 36864K, 52% used [0x0000000780000000,0x00000007812fe348,0x0000000782400000)
 Metaspace       used 21881K, capacity 22682K, committed 22912K, reserved 1069056K
  class space    used 3034K, capacity 3182K, committed 3200K, reserved 1048576K
}

